/usr/lib/python3/dist-packages/requests/__init__.py:89: RequestsDependencyWarning: urllib3 (2.0.2) or chardet (3.0.4) doesn't match a supported version!
  warnings.warn("urllib3 ({}) or chardet ({}) doesn't match a supported "
2023-08-17 21:35:35.997835: I tensorflow/core/platform/cpu_feature_guard.cc:193] This TensorFlow binary is optimized with oneAPI Deep Neural Network Library (oneDNN) to use the following CPU instructions in performance-critical operations:  AVX2 FMA
To enable them in other operations, rebuild TensorFlow with the appropriate compiler flags.
2023-08-17 21:35:36.151625: E tensorflow/stream_executor/cuda/cuda_blas.cc:2981] Unable to register cuBLAS factory: Attempting to register factory for plugin cuBLAS when one has already been registered
[nltk_data] Downloading package punkt to /root/nltk_data...
[nltk_data]   Package punkt is already up-to-date!
[nltk_data] Downloading package averaged_perceptron_tagger to
[nltk_data]     /root/nltk_data...
[nltk_data]   Package averaged_perceptron_tagger is already up-to-
[nltk_data]       date!
[nltk_data] Downloading package tagsets to /root/nltk_data...
[nltk_data]   Package tagsets is already up-to-date!
/usr/local/lib/python3.8/dist-packages/code_rationales/grammars
**********Tagging rationals for exp: 0**********
**********Tagging rationals for exp: 1**********
**********Tagging rationals for exp: 2**********
**********Tagging rationals for exp: 3**********
**********Tagging rationals for exp: 4**********
**********Tagging rationals for exp: 5**********
**********Tagging rationals for exp: 6**********
**********Tagging rationals for exp: 7**********
**********Tagging rationals for exp: 8**********
**********Tagging rationals for exp: 9**********
**********Tagging rationals for exp: 10**********
**********Tagging rationals for exp: 11**********
**********Tagging rationals for exp: 12**********
**********Tagging rationals for exp: 13**********
**********Tagging rationals for exp: 14**********
**********Tagging rationals for exp: 15**********
**********Tagging rationals for exp: 16**********
**********Tagging rationals for exp: 17**********
**********Tagging rationals for exp: 18**********
**********Tagging rationals for exp: 19**********
**********Tagging rationals for exp: 20**********
**********Tagging rationals for exp: 21**********
**********Tagging rationals for exp: 22**********
**********Tagging rationals for exp: 23**********
**********Tagging rationals for exp: 24**********
**********Tagging rationals for exp: 25**********
**********Tagging rationals for exp: 26**********
**********Tagging rationals for exp: 27**********
**********Tagging rationals for exp: 28**********
**********Tagging rationals for exp: 29**********
**********Aggregrating rationals for exp: 0**********
Traceback (most recent call last):
  File "/workspaces/code-rationales/scripts/global_aggregates/global_aggregation.py", line 334, in aggregate_rationals
    [global_results[target_tag][rational_tag].append(eval(experiment_result['rationale_prob_tgt'][target_idx])[rational_idx]) for rational_tag in experiment_result['tags'][rational_pos] for target_tag in experiment_result['tags'][target_idx]]
  File "/workspaces/code-rationales/scripts/global_aggregates/global_aggregation.py", line 334, in <listcomp>
    [global_results[target_tag][rational_tag].append(eval(experiment_result['rationale_prob_tgt'][target_idx])[rational_idx]) for rational_tag in experiment_result['tags'][rational_pos] for target_tag in experiment_result['tags'][target_idx]]
KeyError: None

During handling of the above exception, another exception occurred:

Traceback (most recent call last):
  File "/workspaces/code-rationales/scripts/global_aggregates/global_aggregation.py", line 389, in <module>
    global_aggregated_results = clean_results(aggregate_rationals(global_tagged_results, node_types, pos_types))
  File "/workspaces/code-rationales/scripts/global_aggregates/global_aggregation.py", line 336, in aggregate_rationals
    print('An Error Occurred: ' + e)
TypeError: can only concatenate str (not "KeyError") to str
